#
# There is insufficient memory for the Java Runtime Environment to continue.
# Native memory allocation (malloc) failed to allocate 1048576 bytes for AllocateHeap
# Possible reasons:
#   The system is out of physical RAM or swap space
#   The process is running with CompressedOops enabled, and the Java Heap may be blocking the growth of the native heap
# Possible solutions:
#   Reduce memory load on the system
#   Increase physical memory or swap space
#   Check if swap backing store is full
#   Decrease Java heap size (-Xmx/-Xms)
#   Decrease number of Java threads
#   Decrease Java thread stack sizes (-Xss)
#   Set larger code cache with -XX:ReservedCodeCacheSize=
# This output file may be truncated or incomplete.
#
#  Out of Memory Error (./src/hotspot/share/memory/allocation.cpp:46), pid=8640, tid=6012
#
# JRE version:  (11.0.18+10) (build )
# Java VM: OpenJDK 64-Bit Server VM (11.0.18+10-LTS, mixed mode, sharing, tiered, compressed oops, g1 gc, windows-amd64)
# No core dump will be written. Minidumps are not enabled by default on client versions of Windows
#

---------------  S U M M A R Y ------------

Command Line: -Dfile.encoding=utf8 c:\Users\balaj\.vscode\extensions\vscjava.vscode-gradle-3.12.6\lib\gradle-language-server.jar

Host: Intel(R) Core(TM) i5-10210U CPU @ 1.60GHz, 8 cores, 7G,  Windows 11 , 64 bit Build 22621 (10.0.22621.1194)
Time: Fri Feb 17 00:04:30 2023 India Standard Time elapsed time: 0.454141 seconds (0d 0h 0m 0s)

---------------  T H R E A D  ---------------

Current thread (0x0000028244cc9800):  JavaThread "Unknown thread" [_thread_in_vm, id=6012, stack(0x000000f125500000,0x000000f125600000)]

Stack: [0x000000f125500000,0x000000f125600000]
Native frames: (J=compiled Java code, j=interpreted, Vv=VM code, C=native code)
V  [jvm.dll+0x62bf8a]
V  [jvm.dll+0x7b8fb9]
V  [jvm.dll+0x7ba6a8]
V  [jvm.dll+0x7bad83]
V  [jvm.dll+0x250248]
V  [jvm.dll+0xb95d4]
V  [jvm.dll+0x2f0664]
V  [jvm.dll+0x2ea469]
V  [jvm.dll+0x792e07]
V  [jvm.dll+0x79458f]
V  [jvm.dll+0x363c69]
V  [jvm.dll+0x775d70]
V  [jvm.dll+0x3d297f]
V  [jvm.dll+0x3d4d11]
C  [jli.dll+0x5207]
C  [ucrtbase.dll+0x29363]
C  [KERNEL32.DLL+0x126bd]
C  [ntdll.dll+0x5dfb8]


---------------  P R O C E S S  ---------------

Threads class SMR info:
_java_thread_list=0x0000028244a16790, length=0, elements={
}

Java Threads: ( => current thread )

Other Threads:
  0x0000028244ce0000 GCTaskThread "GC Thread#0" [stack: 0x000000f125600000,0x000000f125700000] [id=26248]

[error occurred during error reporting (printing all threads), id 0xc0000005, EXCEPTION_ACCESS_VIOLATION (0xc0000005) at pc=0x00007ffbbf555c50]

VM state:not at safepoint (not fully initialized)

VM Mutex/Monitor currently owned by a thread:  ([mutex/lock_event])
[0x0000028244cc8020] Heap_lock - owner thread: 0x0000028244cc9800

Heap address: 0x0000000081e00000, size: 2018 MB, Compressed Oops mode: Non-zero based: 0x0000000081e00000
Narrow klass base: 0x0000000000000000, Narrow klass shift: 0

GC Heap History (0 events):
No events

Deoptimization events (0 events):
No events

Classes redefined (0 events):
No events

Internal exceptions (0 events):
No events

Events (1 events):
Event: 0.396 Loaded shared library C:\Program Files\Microsoft\jdk-11.0.18.10-hotspot\bin\zip.dll


Dynamic libraries:
0x00007ff727e30000 - 0x00007ff727e3d000 	C:\Program Files\Microsoft\jdk-11.0.18.10-hotspot\bin\java.exe
0x00007ffc255d0000 - 0x00007ffc257e4000 	C:\WINDOWS\SYSTEM32\ntdll.dll
0x00007ffc24b00000 - 0x00007ffc24bc3000 	C:\WINDOWS\System32\KERNEL32.DLL
0x00007ffc22ed0000 - 0x00007ffc2326c000 	C:\WINDOWS\System32\KERNELBASE.dll
0x00007ffc22c90000 - 0x00007ffc22da1000 	C:\WINDOWS\System32\ucrtbase.dll
0x00007ffc0db50000 - 0x00007ffc0db67000 	C:\Program Files\Microsoft\jdk-11.0.18.10-hotspot\bin\jli.dll
0x00007ffc24f30000 - 0x00007ffc250dd000 	C:\WINDOWS\System32\USER32.dll
0x00007ffc232f0000 - 0x00007ffc23316000 	C:\WINDOWS\System32\win32u.dll
0x00007ffc246d0000 - 0x00007ffc246f9000 	C:\WINDOWS\System32\GDI32.dll
0x00007ffc22db0000 - 0x00007ffc22ec2000 	C:\WINDOWS\System32\gdi32full.dll
0x00007ffc22a80000 - 0x00007ffc22b1a000 	C:\WINDOWS\System32\msvcp_win.dll
0x00007ffc0ad60000 - 0x00007ffc0afee000 	C:\WINDOWS\WinSxS\amd64_microsoft.windows.common-controls_6595b64144ccf1df_6.0.22621.608_none_a9444ca7c10bb01d\COMCTL32.dll
0x00007ffc250e0000 - 0x00007ffc25187000 	C:\WINDOWS\System32\msvcrt.dll
0x00007ffc0d970000 - 0x00007ffc0d985000 	C:\Program Files\Microsoft\jdk-11.0.18.10-hotspot\bin\VCRUNTIME140.dll
0x00007ffc24610000 - 0x00007ffc24642000 	C:\WINDOWS\System32\IMM32.DLL
0x00007ffbc3cc0000 - 0x00007ffbc3d5b000 	C:\Program Files\Microsoft\jdk-11.0.18.10-hotspot\bin\msvcp140.dll
0x00007ffbbf260000 - 0x00007ffbbfdf2000 	C:\Program Files\Microsoft\jdk-11.0.18.10-hotspot\bin\server\jvm.dll
0x00007ffc25280000 - 0x00007ffc2532e000 	C:\WINDOWS\System32\ADVAPI32.dll
0x00007ffc23460000 - 0x00007ffc23504000 	C:\WINDOWS\System32\sechost.dll
0x00007ffc23510000 - 0x00007ffc23625000 	C:\WINDOWS\System32\RPCRT4.dll
0x00007ffc25270000 - 0x00007ffc25278000 	C:\WINDOWS\System32\PSAPI.DLL
0x00007ffc07890000 - 0x00007ffc07899000 	C:\WINDOWS\SYSTEM32\WSOCK32.dll
0x00007ffc233e0000 - 0x00007ffc23451000 	C:\WINDOWS\System32\WS2_32.dll
0x00007ffc04260000 - 0x00007ffc04294000 	C:\WINDOWS\SYSTEM32\WINMM.dll
0x00007ffc1c320000 - 0x00007ffc1c32a000 	C:\WINDOWS\SYSTEM32\VERSION.dll
0x00007ffc21a60000 - 0x00007ffc21a78000 	C:\WINDOWS\SYSTEM32\kernel.appcore.dll
0x00007ffc07850000 - 0x00007ffc07860000 	C:\Program Files\Microsoft\jdk-11.0.18.10-hotspot\bin\verify.dll
0x00007ffc204f0000 - 0x00007ffc2071e000 	C:\WINDOWS\SYSTEM32\DBGHELP.DLL
0x00007ffc24770000 - 0x00007ffc24afa000 	C:\WINDOWS\System32\combase.dll
0x00007ffc24bd0000 - 0x00007ffc24ca7000 	C:\WINDOWS\System32\OLEAUT32.dll
0x00007ffc0bd30000 - 0x00007ffc0bd62000 	C:\WINDOWS\SYSTEM32\dbgcore.DLL
0x00007ffc23270000 - 0x00007ffc232eb000 	C:\WINDOWS\System32\bcryptPrimitives.dll
0x00007ffc07860000 - 0x00007ffc07888000 	C:\Program Files\Microsoft\jdk-11.0.18.10-hotspot\bin\java.dll
0x00007ffc06390000 - 0x00007ffc0639a000 	C:\Program Files\Microsoft\jdk-11.0.18.10-hotspot\bin\jimage.dll
0x00007ffbf8750000 - 0x00007ffbf8768000 	C:\Program Files\Microsoft\jdk-11.0.18.10-hotspot\bin\zip.dll

dbghelp: loaded successfully - version: 4.0.5 - missing functions: none
symbol engine: initialized successfully - sym options: 0x614 - pdb path: .;C:\Program Files\Microsoft\jdk-11.0.18.10-hotspot\bin;C:\WINDOWS\SYSTEM32;C:\WINDOWS\WinSxS\amd64_microsoft.windows.common-controls_6595b64144ccf1df_6.0.22621.608_none_a9444ca7c10bb01d;C:\Program Files\Microsoft\jdk-11.0.18.10-hotspot\bin\server

VM Arguments:
jvm_args: -Dfile.encoding=utf8 
java_command: c:\Users\balaj\.vscode\extensions\vscjava.vscode-gradle-3.12.6\lib\gradle-language-server.jar
java_class_path (initial): c:\Users\balaj\.vscode\extensions\vscjava.vscode-gradle-3.12.6\lib\gradle-language-server.jar
Launcher Type: SUN_STANDARD

[Global flags]
     intx CICompilerCount                          = 4                                         {product} {ergonomic}
     uint ConcGCThreads                            = 2                                         {product} {ergonomic}
     uint G1ConcRefinementThreads                  = 8                                         {product} {ergonomic}
   size_t G1HeapRegionSize                         = 1048576                                   {product} {ergonomic}
    uintx GCDrainStackTargetSize                   = 64                                        {product} {ergonomic}
   size_t InitialHeapSize                          = 134217728                                 {product} {ergonomic}
   size_t MarkStackSize                            = 4194304                                   {product} {ergonomic}
   size_t MaxHeapSize                              = 2116026368                                {product} {ergonomic}
   size_t MinHeapDeltaBytes                        = 1048576                                   {product} {ergonomic}
    uintx NonNMethodCodeHeapSize                   = 5836300                                {pd product} {ergonomic}
    uintx NonProfiledCodeHeapSize                  = 122910970                              {pd product} {ergonomic}
    uintx ProfiledCodeHeapSize                     = 122910970                              {pd product} {ergonomic}
    uintx ReservedCodeCacheSize                    = 251658240                              {pd product} {ergonomic}
     bool SegmentedCodeCache                       = true                                      {product} {ergonomic}
     bool UseCompressedClassPointers               = true                                 {lp64_product} {ergonomic}
     bool UseCompressedOops                        = true                                 {lp64_product} {ergonomic}
     bool UseG1GC                                  = true                                      {product} {ergonomic}
     bool UseLargePagesIndividualAllocation        = false                                  {pd product} {ergonomic}

Logging:
Log output configuration:
 #0: stdout all=warning uptime,level,tags
 #1: stderr all=off uptime,level,tags

Environment Variables:
JAVA_HOME=C:\Program Files\Microsoft\jdk-11.0.18.10-hotspot\
PATH=C:\Program Files\Microsoft\jdk-11.0.18.10-hotspot\bin;C:\Program Files\Common Files\Oracle\Java\javapath;C:\Python310\Scripts\;C:\Python310\;C:\WINDOWS\system32;C:\WINDOWS;C:\WINDOWS\System32\Wbem;C:\WINDOWS\System32\WindowsPowerShell\v1.0\;C:\WINDOWS\System32\OpenSSH\;C:\Program Files\Git\cmd;C:\ProgramData\chocolatey\bin;C:\Program Files\dotnet\;D:\openssl-0.9.8k_X64\bin;C:\Program Files\nodejs\;C:\Users\balaj\AppData\Local\Programs\Python\Python311\Scripts\;C:\Users\balaj\AppData\Local\Programs\Python\Python311\;C:\Users\balaj\AppData\Local\Microsoft\WindowsApps;C:\Users\balaj\AppData\Local\Programs\Microsoft VS Code\bin;C:\Program Files\nodejs;C:\Program Files\heroku\bin;C:\Users\balaj\AppData\Local\Google\Cloud SDK\google-cloud-sdk\bin;C:\Users\balaj\.deta\bin;C:\PATH_Program;C:\Program Files\Java\jdk-19;C:\Users\balaj\AppData\Roaming\npm;C:\Users\balaj\AppData\Local\Android\Sdk\platform-tools;
USERNAME=balaj
OS=Windows_NT
PROCESSOR_IDENTIFIER=Intel64 Family 6 Model 142 Stepping 12, GenuineIntel
TMP=C:\Users\balaj\AppData\Local\Temp
TEMP=C:\Users\balaj\AppData\Local\Temp



---------------  S Y S T E M  ---------------

OS: Windows 11 , 64 bit Build 22621 (10.0.22621.1194)
OS uptime: 0 days 13:10 hours

CPU:total 8 (initial active 8) (4 cores per cpu, 2 threads per core) family 6 model 142 stepping 12 microcode 0xde, cmov, cx8, fxsr, mmx, sse, sse2, sse3, ssse3, sse4.1, sse4.2, popcnt, avx, avx2, aes, clmul, erms, 3dnowpref, lzcnt, ht, tsc, tscinvbit, bmi1, bmi2, adx, fma

Memory: 4k page, system-wide physical 8068M (137M free)
TotalPageFile size 20568M (AvailPageFile size 0M)
current process WorkingSet (physical memory assigned to process): 10M, peak: 10M
current process commit charge ("private bytes"): 53M, peak: 54M

vm_info: OpenJDK 64-Bit Server VM (11.0.18+10-LTS) for windows-amd64 JRE (11.0.18+10-LTS), built on Jan 18 2023 15:56:47 by "MicrosoftCorporation" with MS VC++ 15.9 (VS2017)

END.
